<?xml version="1.0" encoding="UTF-8"?>
<!-- Generated by org.testng.reporters.JUnitXMLReporter -->
<testsuite ignored="0" hostname="Chriskalys-MBP.local.tld" failures="1" tests="3" name="Regression Test" time="38.595" errors="0" timestamp="2022-06-07T01:17:36 CDT">
  <testcase classname="scripts.CarsTest" name="invalidCredentialsSignIn" time="25.254"/>
  <testcase classname="scripts.CarsTest" name="signInForm" time="3.313">
    <failure type="java.lang.AssertionError" message="expected [https://www.cars.com/signin/?redirect_path=%2F] but found [https://www.cars.com/]">
      <![CDATA[java.lang.AssertionError: expected [https://www.cars.com/signin/?redirect_path=%2F] but found [https://www.cars.com/]
at scripts.CarsTest.signInForm(CarsTest.java:29)
at java.base/java.util.ArrayList.forEach(ArrayList.java:1511)
... Removed 33 stack frames]]>
    </failure>
  </testcase> <!-- signInForm -->
  <testcase classname="scripts.CarsTest" name="signInSocials" time="4.11"/>
</testsuite> <!-- Regression Test -->
